added manifest
adding: Entity/(in = 0) (out= 0)(stored 0%)
adding: Entity/entity.java(in = 792) (out= 298)(deflated 62%)
adding: Entity/package-info.java(in = 15) (out= 17)(deflated -13%)
adding: Entity/Player.java(in = 8371) (out= 2017)(deflated 75%)
adding: game-jar.err(in = 0) (out= 0)(stored 0%)
adding: game-jar.out(in = 307) (out= 153)(deflated 50%)
adding: game-javac.err(in = 198) (out= 152)(deflated 23%)
adding: game-javac.out(in = 0) (out= 0)(stored 0%)
adding: images/(in = 0) (out= 0)(stored 0%)
adding: images/map/(in = 0) (out= 0)(stored 0%)
adding: images/map/ground.png(in = 14347) (out= 2678)(deflated 81%)
adding: images/map/hill1.png(in = 14264) (out= 2568)(deflated 81%)
adding: images/map/hill2.png(in = 14259) (out= 2563)(deflated 82%)
adding: images/map/hill3.png(in = 14204) (out= 2487)(deflated 82%)
adding: images/map/hill4.png(in = 14263) (out= 2571)(deflated 81%)
adding: images/map/hill5.png(in = 14266) (out= 2571)(deflated 81%)
adding: images/map/hill6.png(in = 14243) (out= 2538)(deflated 82%)
adding: images/map/maps/(in = 0) (out= 0)(stored 0%)
adding: images/map/maps/map01.txt(in = 398) (out= 41)(deflated 89%)
adding: images/map/sky.png(in = 14204) (out= 2482)(deflated 82%)
adding: images/player/(in = 0) (out= 0)(stored 0%)
adding: images/player/mario_idle.gif(in = 340) (out= 271)(deflated 20%)
adding: images/player/mario_idle_left.gif(in = 233) (out= 200)(deflated 14%)
adding: images/player/mario_jump1_right.gif(in = 229) (out= 226)(deflated 1%)
adding: images/player/mario_jump2_right.gif(in = 223) (out= 179)(deflated 19%)
adding: images/player/mario_walk1.gif(in = 121) (out= 112)(deflated 7%)
adding: images/player/mario_walk1Left.gif(in = 121) (out= 111)(deflated 8%)
adding: images/player/mario_walk2.gif(in = 214) (out= 191)(deflated 10%)
adding: images/player/mario_walk2Left.gif(in = 163) (out= 162)(deflated 0%)
adding: images/player/mario_walk3.gif(in = 556) (out= 428)(deflated 23%)
adding: images/player/mario_walk3Left.gif(in = 244) (out= 226)(deflated 7%)
adding: JAP-A123.bat(in = 3481) (out= 790)(deflated 77%)
adding: Main/(in = 0) (out= 0)(stored 0%)
adding: Main/CollisionChecker.java(in = 2568) (out= 609)(deflated 76%)
adding: Main/DriverMain.java(in = 1298) (out= 572)(deflated 55%)
adding: Main/GamePanel.java(in = 3482) (out= 1428)(deflated 58%)
adding: Main/KeyHandler.java(in = 1856) (out= 591)(deflated 68%)
adding: Main/package-info.java(in = 13) (out= 15)(deflated -15%)
adding: Main/UIElements.java(in = 3075) (out= 935)(deflated 69%)
adding: sprites/(in = 0) (out= 0)(stored 0%)
adding: sprites/map/(in = 0) (out= 0)(stored 0%)
adding: sprites/map/ground.png(in = 14347) (out= 2678)(deflated 81%)
adding: sprites/map/hill1.png(in = 14264) (out= 2568)(deflated 81%)
adding: sprites/map/hill2.png(in = 14259) (out= 2563)(deflated 82%)
adding: sprites/map/hill3.png(in = 14204) (out= 2487)(deflated 82%)
adding: sprites/map/hill4.png(in = 14263) (out= 2571)(deflated 81%)
adding: sprites/map/hill5.png(in = 14266) (out= 2571)(deflated 81%)
adding: sprites/map/hill6.png(in = 14243) (out= 2538)(deflated 82%)
adding: sprites/map/maps/(in = 0) (out= 0)(stored 0%)
adding: sprites/map/maps/map01.txt(in = 398) (out= 41)(deflated 89%)
adding: sprites/map/sky.png(in = 14204) (out= 2482)(deflated 82%)
adding: sprites/player/(in = 0) (out= 0)(stored 0%)
adding: sprites/player/mario_idle.gif(in = 340) (out= 271)(deflated 20%)
adding: sprites/player/mario_idle_left.gif(in = 233) (out= 200)(deflated 14%)
adding: sprites/player/mario_jump1_right.gif(in = 229) (out= 226)(deflated 1%)
adding: sprites/player/mario_jump2_right.gif(in = 223) (out= 179)(deflated 19%)
adding: sprites/player/mario_walk1.gif(in = 121) (out= 112)(deflated 7%)
adding: sprites/player/mario_walk1Left.gif(in = 121) (out= 111)(deflated 8%)
adding: sprites/player/mario_walk2.gif(in = 214) (out= 191)(deflated 10%)
adding: sprites/player/mario_walk2Left.gif(in = 163) (out= 162)(deflated 0%)
adding: sprites/player/mario_walk3.gif(in = 556) (out= 428)(deflated 23%)
adding: sprites/player/mario_walk3Left.gif(in = 244) (out= 226)(deflated 7%)
adding: sprites/sprites/(in = 0) (out= 0)(stored 0%)
adding: sprites/sprites/package-info.java(in = 16) (out= 18)(deflated -12%)
adding: tile/(in = 0) (out= 0)(stored 0%)
adding: tile/game-javac.err(in = 418) (out= 186)(deflated 55%)
adding: tile/Tile.java(in = 308) (out= 199)(deflated 35%)
adding: tile/TileManager.java(in = 4616) (out= 1266)(deflated 72%)
